<?xml version="1.0" encoding="UTF-8"?>
<!-- Generated by org.testng.reporters.JUnitReportReporter -->
<testsuite hostname="AbhishekGupta" failures="0" tests="1" name="com.Well.testcases.V2Project.TC_03_SearchV2ProjectByIdTest" time="6.174" errors="0" timestamp="12 Sep 2022 11:44:42 GMT" skipped="0">
  <testcase classname="com.Well.testcases.V2Project.TC_03_SearchV2ProjectByIdTest" name="tc_03_SearchV2ProjectByIdTest" time="6.174"/>
</testsuite> <!-- com.Well.testcases.V2Project.TC_03_SearchV2ProjectByIdTest -->
