<?xml version="1.0" encoding="UTF-8"?>
<!-- Generated by org.testng.reporters.JUnitReportReporter -->
<testsuite hostname="Pro-GokulT" failures="0" tests="1" name="com.Well.testcases.Portfolio.TC_08_UploadFileInFeatureTest" time="63.131" errors="0" timestamp="05 Sep 2022 06:10:39 GMT" skipped="0">
  <testcase classname="com.Well.testcases.Portfolio.TC_08_UploadFileInFeatureTest" name="TC_08_UploadFileInFeature" time="63.131"/>
</testsuite> <!-- com.Well.testcases.Portfolio.TC_08_UploadFileInFeatureTest -->
