<?xml version="1.0" encoding="UTF-8"?>
<!-- Generated by org.testng.reporters.JUnitReportReporter -->
<testsuite hostname="Pro-GokulT" failures="0" tests="1" name="com.Well.testcases.login.TC_01_LoginTest" time="18.119" errors="0" timestamp="08 Sep 2022 10:40:30 GMT" skipped="0">
  <testcase classname="com.Well.testcases.login.TC_01_LoginTest" name="TC_01_Login" time="18.119"/>
</testsuite> <!-- com.Well.testcases.login.TC_01_LoginTest -->
