<?xml version="1.0" encoding="UTF-8"?>
<!-- Generated by org.testng.reporters.JUnitReportReporter -->
<testsuite hostname="Pro-GokulT" failures="0" tests="1" name="com.Well.testcases.V2Project.TC_08_DocumentV2ProjectTest" time="70.008" errors="0" timestamp="08 Sep 2022 10:40:30 GMT" skipped="0">
  <testcase classname="com.Well.testcases.V2Project.TC_08_DocumentV2ProjectTest" name="tc_08_DocumentV2ProjectTest" time="70.008"/>
</testsuite> <!-- com.Well.testcases.V2Project.TC_08_DocumentV2ProjectTest -->
