<?xml version="1.0" encoding="UTF-8"?>
<!-- Generated by org.testng.reporters.JUnitReportReporter -->
<testsuite hostname="AbhishekGupta" failures="0" tests="1" name="com.Well.testcases.login.PortfolioLocationImportTest" time="12.816" errors="0" timestamp="08 Aug 2022 12:26:44 GMT" skipped="0">
  <testcase classname="com.Well.testcases.login.PortfolioLocationImportTest" name="PortfolioLocationImport" time="12.816"/>
</testsuite> <!-- com.Well.testcases.login.PortfolioLocationImportTest -->
