<?xml version="1.0" encoding="UTF-8"?>
<!-- Generated by org.testng.reporters.JUnitReportReporter -->
<testsuite hostname="Pro-GokulT" failures="0" tests="1" name="com.Well.testcases.V2Project.TC_05_BillingV2ProjectTest" time="18.484" errors="0" timestamp="08 Sep 2022 07:42:06 GMT" skipped="0">
  <testcase classname="com.Well.testcases.V2Project.TC_05_BillingV2ProjectTest" name="tc_05_BillingV2ProjectTest" time="18.484"/>
</testsuite> <!-- com.Well.testcases.V2Project.TC_05_BillingV2ProjectTest -->
