<?xml version="1.0" encoding="UTF-8"?>
<!-- Generated by org.testng.reporters.JUnitReportReporter -->
<testsuite hostname="Pro-GokulT" failures="0" tests="1" name="com.Well.testcases.Portfolio.TC_04_SignAndSubscribePortfolioTest" time="12.027" errors="0" timestamp="05 Sep 2022 06:10:39 GMT" skipped="0">
  <testcase classname="com.Well.testcases.Portfolio.TC_04_SignAndSubscribePortfolioTest" name="TC_04_SignAndSubscribePortfolio" time="12.027"/>
</testsuite> <!-- com.Well.testcases.Portfolio.TC_04_SignAndSubscribePortfolioTest -->
