<?xml version="1.0" encoding="UTF-8"?>
<!-- Generated by org.testng.reporters.JUnitReportReporter -->
<testsuite hostname="Pro-GokulT" failures="0" tests="1" name="com.Well.testcases.Portfolio.SearchPortfolioByNameTest" time="32.775" errors="0" timestamp="31 Aug 2022 10:58:49 GMT" skipped="0">
  <testcase classname="com.Well.testcases.Portfolio.SearchPortfolioByNameTest" name="SearchPortfolioByName" time="32.775"/>
</testsuite> <!-- com.Well.testcases.Portfolio.SearchPortfolioByNameTest -->
