<?xml version="1.0" encoding="UTF-8"?>
<!-- Generated by org.testng.reporters.JUnitReportReporter -->
<testsuite hostname="Pro-GokulT" failures="0" tests="1" name="com.Well.testcases.Portfolio.TC_02_SearchPortfolioByNameTest" time="34.218" errors="0" timestamp="05 Sep 2022 06:10:39 GMT" skipped="0">
  <testcase classname="com.Well.testcases.Portfolio.TC_02_SearchPortfolioByNameTest" name="TC_02_SearchPortfolioByName" time="34.218"/>
</testsuite> <!-- com.Well.testcases.Portfolio.TC_02_SearchPortfolioByNameTest -->
