<?xml version="1.0" encoding="UTF-8"?>
<!-- Generated by org.testng.reporters.JUnitReportReporter -->
<testsuite hostname="AbhishekGupta" failures="0" tests="1" name="com.Well.testcases.Scorecard.UploadFileInFeatureTest" time="84.543" errors="1" timestamp="10 Aug 2022 08:54:18 GMT" skipped="0">
  <testcase classname="com.Well.testcases.Scorecard.UploadFileInFeatureTest" name="UploadFileInFeature" time="84.543">
    <error message="no such element: Unable to locate element: {&quot;method&quot;:&quot;xpath&quot;,&quot;selector&quot;:&quot;//input[@type=&quot;file&quot;]&quot;}
  (Session info: chrome=104.0.5112.80)
For documentation on this error, please visit: https://selenium.dev/exceptions/#no_such_element
Build info: version: &#039;4.3.0&#039;, revision: &#039;a4995e2c09*&#039;
System info: host: &#039;ABHISHEKGUPTA&#039;, ip: &#039;192.168.1.4&#039;, os.name: &#039;Windows 11&#039;, os.arch: &#039;amd64&#039;, os.version: &#039;10.0&#039;, java.version: &#039;17.0.3&#039;
Driver info: org.openqa.selenium.chrome.ChromeDriver
Command: [9a194366b7a45be2ac572bb5cda9ddd1, findElement {using=xpath, value=//input[@type=&quot;file&quot;]}]
Capabilities {acceptInsecureCerts: false, browserName: chrome, browserVersion: 104.0.5112.80, chrome: {chromedriverVersion: 104.0.5112.79 (3cf3e8c8a07d..., userDataDir: C:\Users\abhis\AppData\Loca...}, goog:chromeOptions: {debuggerAddress: localhost:60198}, networkConnectionEnabled: false, pageLoadStrategy: normal, platformName: WINDOWS, proxy: Proxy(), se:cdp: ws://localhost:60198/devtoo..., se:cdpVersion: 104.0.5112.80, setWindowRect: true, strictFileInteractability: false, timeouts: {implicit: 0, pageLoad: 300000, script: 30000}, unhandledPromptBehavior: dismiss and notify, webauthn:extension:credBlob: true, webauthn:extension:largeBlob: true, webauthn:virtualAuthenticators: true}
Session ID: 9a194366b7a45be2ac572bb5cda9ddd1" type="java.lang.Error">
      <![CDATA[java.lang.Error: no such element: Unable to locate element: {"method":"xpath","selector":"//input[@type="file"]"}
  (Session info: chrome=104.0.5112.80)
For documentation on this error, please visit: https://selenium.dev/exceptions/#no_such_element
Build info: version: '4.3.0', revision: 'a4995e2c09*'
System info: host: 'ABHISHEKGUPTA', ip: '192.168.1.4', os.name: 'Windows 11', os.arch: 'amd64', os.version: '10.0', java.version: '17.0.3'
Driver info: org.openqa.selenium.chrome.ChromeDriver
Command: [9a194366b7a45be2ac572bb5cda9ddd1, findElement {using=xpath, value=//input[@type="file"]}]
Capabilities {acceptInsecureCerts: false, browserName: chrome, browserVersion: 104.0.5112.80, chrome: {chromedriverVersion: 104.0.5112.79 (3cf3e8c8a07d..., userDataDir: C:\Users\abhis\AppData\Loca...}, goog:chromeOptions: {debuggerAddress: localhost:60198}, networkConnectionEnabled: false, pageLoadStrategy: normal, platformName: WINDOWS, proxy: Proxy(), se:cdp: ws://localhost:60198/devtoo..., se:cdpVersion: 104.0.5112.80, setWindowRect: true, strictFileInteractability: false, timeouts: {implicit: 0, pageLoad: 300000, script: 30000}, unhandledPromptBehavior: dismiss and notify, webauthn:extension:credBlob: true, webauthn:extension:largeBlob: true, webauthn:virtualAuthenticators: true}
Session ID: 9a194366b7a45be2ac572bb5cda9ddd1
at java.base/jdk.internal.reflect.NativeConstructorAccessorImpl.newInstance0(Native Method)
at java.base/jdk.internal.reflect.NativeConstructorAccessorImpl.newInstance(NativeConstructorAccessorImpl.java:77)
at java.base/jdk.internal.reflect.DelegatingConstructorAccessorImpl.newInstance(DelegatingConstructorAccessorImpl.java:45)
at java.base/java.lang.reflect.Constructor.newInstanceWithCaller(Constructor.java:499)
at java.base/java.lang.reflect.Constructor.newInstance(Constructor.java:480)
at org.openqa.selenium.remote.codec.w3c.W3CHttpResponseCodec.createException(W3CHttpResponseCodec.java:200)
at org.openqa.selenium.remote.codec.w3c.W3CHttpResponseCodec.decode(W3CHttpResponseCodec.java:133)
at org.openqa.selenium.remote.codec.w3c.W3CHttpResponseCodec.decode(W3CHttpResponseCodec.java:53)
at org.openqa.selenium.remote.HttpCommandExecutor.execute(HttpCommandExecutor.java:184)
at org.openqa.selenium.remote.service.DriverCommandExecutor.invokeExecute(DriverCommandExecutor.java:167)
at org.openqa.selenium.remote.service.DriverCommandExecutor.execute(DriverCommandExecutor.java:142)
at org.openqa.selenium.remote.RemoteWebDriver.execute(RemoteWebDriver.java:569)
at org.openqa.selenium.remote.ElementLocation$ElementFinder$2.findElement(ElementLocation.java:162)
at org.openqa.selenium.remote.ElementLocation.findElement(ElementLocation.java:60)
at org.openqa.selenium.remote.RemoteWebDriver.findElement(RemoteWebDriver.java:387)
at org.openqa.selenium.remote.RemoteWebDriver.findElement(RemoteWebDriver.java:379)
at com.Well.Engine.CommonMethod.findElement(CommonMethod.java:200)
at com.Well.Engine.CommonMethod.uploadFile(CommonMethod.java:411)
at com.Well.ReusableMethods.ReusableMethodsScorecard.UploadFileinFeature(ReusableMethodsScorecard.java:67)
at com.Well.testcases.Scorecard.UploadFileInFeatureTest.UploadFileInFeature(UploadFileInFeatureTest.java:22)
at java.base/jdk.internal.reflect.NativeMethodAccessorImpl.invoke0(Native Method)
at java.base/jdk.internal.reflect.NativeMethodAccessorImpl.invoke(NativeMethodAccessorImpl.java:77)
at java.base/jdk.internal.reflect.DelegatingMethodAccessorImpl.invoke(DelegatingMethodAccessorImpl.java:43)
at java.base/java.lang.reflect.Method.invoke(Method.java:568)
at org.testng.internal.MethodInvocationHelper.invokeMethod(MethodInvocationHelper.java:124)
at org.testng.internal.Invoker.invokeMethod(Invoker.java:583)
at org.testng.internal.Invoker.invokeTestMethod(Invoker.java:719)
at org.testng.internal.Invoker.invokeTestMethods(Invoker.java:989)
at org.testng.internal.TestMethodWorker.invokeTestMethods(TestMethodWorker.java:125)
at org.testng.internal.TestMethodWorker.run(TestMethodWorker.java:109)
at org.testng.TestRunner.privateRun(TestRunner.java:648)
at org.testng.TestRunner.run(TestRunner.java:505)
at org.testng.SuiteRunner.runTest(SuiteRunner.java:455)
at org.testng.SuiteRunner.runSequentially(SuiteRunner.java:450)
at org.testng.SuiteRunner.privateRun(SuiteRunner.java:415)
at org.testng.SuiteRunner.run(SuiteRunner.java:364)
at org.testng.SuiteRunnerWorker.runSuite(SuiteRunnerWorker.java:52)
at org.testng.SuiteRunnerWorker.run(SuiteRunnerWorker.java:84)
at org.testng.TestNG.runSuitesSequentially(TestNG.java:1208)
at org.testng.TestNG.runSuitesLocally(TestNG.java:1137)
at org.testng.TestNG.runSuites(TestNG.java:1049)
at org.testng.TestNG.run(TestNG.java:1017)
at org.testng.remote.AbstractRemoteTestNG.run(AbstractRemoteTestNG.java:115)
at org.testng.remote.RemoteTestNG.initAndRun(RemoteTestNG.java:251)
at org.testng.remote.RemoteTestNG.main(RemoteTestNG.java:77)
]]>
    </error>
  </testcase> <!-- UploadFileInFeature -->
</testsuite> <!-- com.Well.testcases.Scorecard.UploadFileInFeatureTest -->
