<?xml version="1.0" encoding="UTF-8"?>
<!-- Generated by org.testng.reporters.JUnitReportReporter -->
<testsuite hostname="Pro-GokulT" failures="0" tests="1" name="com.Well.testcases.HealthSafety.TC_02_RegisterHealthSafetyTest" time="37.907" errors="0" timestamp="12 Sep 2022 12:09:33 GMT" skipped="0">
  <testcase classname="com.Well.testcases.HealthSafety.TC_02_RegisterHealthSafetyTest" name="TC_02_RegisterPortfolio" time="37.907"/>
</testsuite> <!-- com.Well.testcases.HealthSafety.TC_02_RegisterHealthSafetyTest -->
