<?xml version="1.0" encoding="UTF-8"?>
<!-- Generated by org.testng.reporters.JUnitReportReporter -->
<testsuite hostname="Pro-GokulT" failures="0" tests="1" name="com.Well.testcases.V2Project.TC_06_AgreementV2ProjectTest" time="5.718" errors="0" timestamp="08 Sep 2022 10:40:30 GMT" skipped="0">
  <testcase classname="com.Well.testcases.V2Project.TC_06_AgreementV2ProjectTest" name="tc_06_AgreementV2ProjectTest" time="5.718"/>
</testsuite> <!-- com.Well.testcases.V2Project.TC_06_AgreementV2ProjectTest -->
