<?xml version="1.0" encoding="UTF-8"?>
<!-- Generated by org.testng.reporters.JUnitReportReporter -->
<testsuite hostname="Pro-GokulT" failures="0" tests="1" name="com.Well.testcases.V2Project.TC_03_EnrollV2ProjectTest" time="22.067" errors="0" timestamp="05 Sep 2022 11:26:07 GMT" skipped="0">
  <testcase classname="com.Well.testcases.V2Project.TC_03_EnrollV2ProjectTest" name="TC_03_RegisterPortfolio" time="22.067"/>
</testsuite> <!-- com.Well.testcases.V2Project.TC_03_EnrollV2ProjectTest -->
