<?xml version="1.0" encoding="UTF-8"?>
<!-- Generated by org.testng.reporters.JUnitReportReporter -->
<testsuite hostname="Pro-GokulT" failures="0" tests="1" name="com.Well.testcases.Exam.TC_02_RegisterExamTest" time="11.784" errors="0" timestamp="05 Sep 2022 05:12:52 GMT" skipped="0">
  <testcase classname="com.Well.testcases.Exam.TC_02_RegisterExamTest" name="TC_02_RegisterExam" time="11.784"/>
</testsuite> <!-- com.Well.testcases.Exam.TC_02_RegisterExamTest -->
