<?xml version="1.0" encoding="UTF-8"?>
<!-- Generated by org.testng.reporters.JUnitReportReporter -->
<testsuite hostname="Pro-GokulT" failures="0" tests="1" name="com.Well.testcases.Portfolio.PortfolioLocationImportTest" time="15.902" errors="0" timestamp="31 Aug 2022 10:58:49 GMT" skipped="0">
  <testcase classname="com.Well.testcases.Portfolio.PortfolioLocationImportTest" name="PortfolioLocationImport" time="15.902"/>
</testsuite> <!-- com.Well.testcases.Portfolio.PortfolioLocationImportTest -->
