<?xml version="1.0" encoding="UTF-8"?>
<!-- Generated by org.testng.reporters.JUnitReportReporter -->
<testsuite hostname="AbhishekGupta" failures="0" tests="1" name="com.Well.testcases.login.TC_01_LoginTest" time="9.219" errors="0" timestamp="12 Sep 2022 11:44:42 GMT" skipped="0">
  <testcase classname="com.Well.testcases.login.TC_01_LoginTest" name="TC_01_Login" time="9.219"/>
</testsuite> <!-- com.Well.testcases.login.TC_01_LoginTest -->
