<?xml version="1.0" encoding="UTF-8"?>
<!-- Generated by org.testng.reporters.JUnitReportReporter -->
<testsuite hostname="Pro-GokulT" failures="0" tests="1" name="com.Well.testcases.Portfolio.TC_06_PortfolioLocationImportTest" time="14.646" errors="0" timestamp="05 Sep 2022 06:10:39 GMT" skipped="0">
  <testcase classname="com.Well.testcases.Portfolio.TC_06_PortfolioLocationImportTest" name="TC_06_PortfolioLocationImport" time="14.646"/>
</testsuite> <!-- com.Well.testcases.Portfolio.TC_06_PortfolioLocationImportTest -->
