<?xml version="1.0" encoding="UTF-8"?>
<!-- Generated by org.testng.reporters.JUnitReportReporter -->
<testsuite hostname="AbhishekGupta" failures="0" tests="1" name="com.Well.testcases.Portfolio.SearchPortfolioByNameTest" time="9.168" errors="0" timestamp="10 Aug 2022 08:54:18 GMT" skipped="0">
  <testcase classname="com.Well.testcases.Portfolio.SearchPortfolioByNameTest" name="SearchPortfolioByName" time="9.168"/>
</testsuite> <!-- com.Well.testcases.Portfolio.SearchPortfolioByNameTest -->
