<?xml version="1.0" encoding="UTF-8"?>
<!-- Generated by org.testng.reporters.JUnitReportReporter -->
<testsuite hostname="Pro-GokulT" failures="0" tests="1" name="com.Well.testcases.V2Project.TC_06_AgreementV2ProjectTest" time="4.629" errors="0" timestamp="12 Sep 2022 05:36:11 GMT" skipped="0">
  <testcase classname="com.Well.testcases.V2Project.TC_06_AgreementV2ProjectTest" name="tc_06_AgreementV2ProjectTest" time="4.629"/>
</testsuite> <!-- com.Well.testcases.V2Project.TC_06_AgreementV2ProjectTest -->
