<?xml version="1.0" encoding="UTF-8"?>
<!-- Generated by org.testng.reporters.JUnitReportReporter -->
<testsuite hostname="Pro-GokulT" failures="0" tests="1" name="com.Well.testcases.HealthSafety.TC_02_RegisterHealthSafetyTest" time="39.819" errors="0" timestamp="05 Sep 2022 05:14:24 GMT" skipped="0">
  <testcase classname="com.Well.testcases.HealthSafety.TC_02_RegisterHealthSafetyTest" name="TC_02_RegisterPortfolio" time="39.819"/>
</testsuite> <!-- com.Well.testcases.HealthSafety.TC_02_RegisterHealthSafetyTest -->
