<?xml version="1.0" encoding="UTF-8"?>
<!-- Generated by org.testng.reporters.JUnitReportReporter -->
<testsuite hostname="Pro-GokulT" failures="0" tests="1" name="com.Well.testcases.Faculty.TC_03_DeleteFacultyByOrgIdTest" time="6.715" errors="0" timestamp="02 Sep 2022 08:03:38 GMT" skipped="0">
  <testcase classname="com.Well.testcases.Faculty.TC_03_DeleteFacultyByOrgIdTest" name="tC_03_DeleteFacultyByOrgIdTest" time="6.715"/>
</testsuite> <!-- com.Well.testcases.Faculty.TC_03_DeleteFacultyByOrgIdTest -->
