<?xml version="1.0" encoding="UTF-8"?>
<!-- Generated by org.testng.reporters.JUnitReportReporter -->
<testsuite hostname="AbhishekGupta" failures="0" tests="1" name="com.Well.testcases.login.LoginTest" time="8.846" errors="0" timestamp="10 Aug 2022 08:54:18 GMT" skipped="0">
  <testcase classname="com.Well.testcases.login.LoginTest" name="Login" time="8.846"/>
</testsuite> <!-- com.Well.testcases.login.LoginTest -->
