<?xml version="1.0" encoding="UTF-8"?>
<!-- Generated by org.testng.reporters.JUnitReportReporter -->
<testsuite hostname="Pro-GokulT" failures="0" tests="1" name="com.Well.testcases.V2Project.TC_02_RegisterV2ProjectTest" time="37.649" errors="0" timestamp="12 Sep 2022 05:36:11 GMT" skipped="0">
  <testcase classname="com.Well.testcases.V2Project.TC_02_RegisterV2ProjectTest" name="tc_02_RegisterProject" time="37.649"/>
</testsuite> <!-- com.Well.testcases.V2Project.TC_02_RegisterV2ProjectTest -->
