<?xml version="1.0" encoding="UTF-8"?>
<!-- Generated by org.testng.reporters.JUnitReportReporter -->
<testsuite hostname="Pro-GokulT" failures="0" tests="1" name="com.Well.testcases.Performance.TC_02_RegisterPerformanceTest" time="32.484" errors="0" timestamp="05 Sep 2022 05:18:57 GMT" skipped="0">
  <testcase classname="com.Well.testcases.Performance.TC_02_RegisterPerformanceTest" name="TC_02_RegisterPerformance" time="32.484"/>
</testsuite> <!-- com.Well.testcases.Performance.TC_02_RegisterPerformanceTest -->
