<?xml version="1.0" encoding="UTF-8"?>
<!-- Generated by org.testng.reporters.JUnitReportReporter -->
<testsuite hostname="AbhishekGupta" failures="0" tests="1" name="com.Well.testcases.login.PortfolioPaymentTest" time="20.274" errors="0" timestamp="08 Aug 2022 12:26:44 GMT" skipped="0">
  <testcase classname="com.Well.testcases.login.PortfolioPaymentTest" name="PortfolioPayment" time="20.274"/>
</testsuite> <!-- com.Well.testcases.login.PortfolioPaymentTest -->
