<?xml version="1.0" encoding="UTF-8"?>
<!-- Generated by org.testng.reporters.JUnitReportReporter -->
<testsuite hostname="Pro-GokulT" failures="0" tests="1" name="com.Well.testcases.Portfolio.TC_09_UploadFileInAuditTest" time="65.082" errors="0" timestamp="05 Sep 2022 05:54:26 GMT" skipped="0">
  <testcase classname="com.Well.testcases.Portfolio.TC_09_UploadFileInAuditTest" name="TC_09_uploadFileInAuditTest" time="65.082"/>
</testsuite> <!-- com.Well.testcases.Portfolio.TC_09_UploadFileInAuditTest -->
